
> nextjs_tailwind_shadcn_ts@0.1.0 dev
> nodemon --exec "npx tsx server.ts" --watch server.ts --watch src --ext ts,tsx,js,jsx 2>&1 | tee dev.log

[33m[nodemon] 3.1.10[39m
[33m[nodemon] to restart at any time, enter `rs`[39m
[33m[nodemon] watching path(s): server.ts src/**/*[39m
[33m[nodemon] watching extensions: ts,tsx,js,jsx[39m
[32m[nodemon] starting `npx tsx server.ts`[39m
 ⚠ Invalid next.config.ts options detected: 
 ⚠     Unrecognized key(s) in object: 'swcMinify'
 ⚠ See more info here: https://nextjs.org/docs/messages/invalid-next-config
> Ready on http://0.0.0.0:3000
> Socket.IO server running at ws://0.0.0.0:3000/api/socketio
 ○ Compiling /middleware ...
 ✓ Compiled /middleware in 4.2s (207 modules)
 ○ Compiling / ...
 ✓ Compiled / in 20.9s (932 modules)
 GET / 200 in 22927ms
 ○ Compiling /api/auth/[...nextauth] ...
 ✓ Compiled /api/auth/[...nextauth] in 9.3s (1161 modules)
 GET /api/auth/session 200 in 33518ms
 GET /api/auth/session 200 in 93ms
